# JRE version: Java(TM) SE Runtime Environment (8.0_161-b12) (build 1.8.0_161-b12)
# Java VM: Java HotSpot(TM) 64-Bit Server VM (25.161-b12 mixed mode linux-amd64 compressed oops)
Heap:
 PSYoungGen      total 337408K, used 10179K [0x00000000d6f00000, 0x00000000ece00000, 0x0000000100000000)
  eden space 323072K, 0% used [0x00000000d6f00000,0x00000000d6f00000,0x00000000eaa80000)
  from space 14336K, 71% used [0x00000000eaa80000,0x00000000eb470dd0,0x00000000eb880000)
  to   space 14848K, 0% used [0x00000000eb880000,0x00000000eb880000,0x00000000ec700000)
 ParOldGen       total 78848K, used 31555K [0x0000000084c00000, 0x0000000089900000, 0x00000000d6f00000)
  object space 78848K, 40% used [0x0000000084c00000,0x0000000086ad0d70,0x0000000089900000)
 Metaspace       used 40212K, capacity 42416K, committed 42624K, reserved 1085440K
  class space    used 5515K, capacity 5929K, committed 6016K, reserved 1048576K
GC Heap History (10 events):
Event: 6,004 GC heap after
Heap after GC invocations=8 (full 1):
 PSYoungGen      total 137728K, used 6744K [0x00000000d6f00000, 0x00000000e6480000, 0x0000000100000000)
  eden space 126976K, 0% used [0x00000000d6f00000,0x00000000d6f00000,0x00000000deb00000)
  from space 10752K, 62% used [0x00000000deb00000,0x00000000df196130,0x00000000df580000)
  to   space 10240K, 0% used [0x00000000e5a80000,0x00000000e5a80000,0x00000000e6480000)
 ParOldGen       total 51712K, used 9005K [0x0000000084c00000, 0x0000000087e80000, 0x00000000d6f00000)
  object space 51712K, 17% used [0x0000000084c00000,0x00000000854cb480,0x0000000087e80000)
 Metaspace       used 24607K, capacity 25546K, committed 25600K, reserved 1071104K
  class space    used 3302K, capacity 3532K, committed 3584K, reserved 1048576K
}
Event: 8,399 GC heap before
{Heap before GC invocations=9 (full 1):
 PSYoungGen      total 137728K, used 133720K [0x00000000d6f00000, 0x00000000e6480000, 0x0000000100000000)
  eden space 126976K, 100% used [0x00000000d6f00000,0x00000000deb00000,0x00000000deb00000)
  from space 10752K, 62% used [0x00000000deb00000,0x00000000df196130,0x00000000df580000)
  to   space 10240K, 0% used [0x00000000e5a80000,0x00000000e5a80000,0x00000000e6480000)
 ParOldGen       total 51712K, used 9005K [0x0000000084c00000, 0x0000000087e80000, 0x00000000d6f00000)
  object space 51712K, 17% used [0x0000000084c00000,0x00000000854cb480,0x0000000087e80000)
 Metaspace       used 26644K, capacity 27656K, committed 27776K, reserved 1073152K
  class space    used 3649K, capacity 3873K, committed 3968K, reserved 1048576K
Event: 8,410 GC heap after
Heap after GC invocations=9 (full 1):
 PSYoungGen      total 235008K, used 9320K [0x00000000d6f00000, 0x00000000e6400000, 0x0000000100000000)
  eden space 225280K, 0% used [0x00000000d6f00000,0x00000000d6f00000,0x00000000e4b00000)
  from space 9728K, 95% used [0x00000000e5a80000,0x00000000e639a3b8,0x00000000e6400000)
  to   space 10752K, 0% used [0x00000000e4f00000,0x00000000e4f00000,0x00000000e5980000)
 ParOldGen       total 51712K, used 9013K [0x0000000084c00000, 0x0000000087e80000, 0x00000000d6f00000)
  object space 51712K, 17% used [0x0000000084c00000,0x00000000854cd480,0x0000000087e80000)
 Metaspace       used 26644K, capacity 27656K, committed 27776K, reserved 1073152K
  class space    used 3649K, capacity 3873K, committed 3968K, reserved 1048576K
}
Event: 28,991 GC heap before
{Heap before GC invocations=10 (full 1):
 PSYoungGen      total 235008K, used 233278K [0x00000000d6f00000, 0x00000000e6400000, 0x0000000100000000)
  eden space 225280K, 99% used [0x00000000d6f00000,0x00000000e49b55d0,0x00000000e4b00000)
  from space 9728K, 95% used [0x00000000e5a80000,0x00000000e639a3b8,0x00000000e6400000)
  to   space 10752K, 0% used [0x00000000e4f00000,0x00000000e4f00000,0x00000000e5980000)
 ParOldGen       total 51712K, used 9013K [0x0000000084c00000, 0x0000000087e80000, 0x00000000d6f00000)
  object space 51712K, 17% used [0x0000000084c00000,0x00000000854cd480,0x0000000087e80000)
 Metaspace       used 33998K, capacity 35450K, committed 35496K, reserved 1079296K
  class space    used 4541K, capacity 4821K, committed 4864K, reserved 1048576K
Event: 29,015 GC heap after
Heap after GC invocations=10 (full 1):
 PSYoungGen      total 240128K, used 10735K [0x00000000d6f00000, 0x00000000ec700000, 0x0000000100000000)
  eden space 229376K, 0% used [0x00000000d6f00000,0x00000000d6f00000,0x00000000e4f00000)
  from space 10752K, 99% used [0x00000000e4f00000,0x00000000e597bff8,0x00000000e5980000)
  to   space 14848K, 0% used [0x00000000eb880000,0x00000000eb880000,0x00000000ec700000)
 ParOldGen       total 51712K, used 16290K [0x0000000084c00000, 0x0000000087e80000, 0x00000000d6f00000)
  object space 51712K, 31% used [0x0000000084c00000,0x0000000085be8b80,0x0000000087e80000)
 Metaspace       used 33998K, capacity 35450K, committed 35496K, reserved 1079296K
  class space    used 4541K, capacity 4821K, committed 4864K, reserved 1048576K
}
Event: 29,015 GC heap before
{Heap before GC invocations=11 (full 2):
 PSYoungGen      total 240128K, used 10735K [0x00000000d6f00000, 0x00000000ec700000, 0x0000000100000000)
  eden space 229376K, 0% used [0x00000000d6f00000,0x00000000d6f00000,0x00000000e4f00000)
  from space 10752K, 99% used [0x00000000e4f00000,0x00000000e597bff8,0x00000000e5980000)
  to   space 14848K, 0% used [0x00000000eb880000,0x00000000eb880000,0x00000000ec700000)
 ParOldGen       total 51712K, used 16290K [0x0000000084c00000, 0x0000000087e80000, 0x00000000d6f00000)
  object space 51712K, 31% used [0x0000000084c00000,0x0000000085be8b80,0x0000000087e80000)
 Metaspace       used 33998K, capacity 35450K, committed 35496K, reserved 1079296K
  class space    used 4541K, capacity 4821K, committed 4864K, reserved 1048576K
Event: 29,210 GC heap after
Heap after GC invocations=11 (full 2):
 PSYoungGen      total 240128K, used 0K [0x00000000d6f00000, 0x00000000ec700000, 0x0000000100000000)
  eden space 229376K, 0% used [0x00000000d6f00000,0x00000000d6f00000,0x00000000e4f00000)
  from space 10752K, 0% used [0x00000000e4f00000,0x00000000e4f00000,0x00000000e5980000)
  to   space 14848K, 0% used [0x00000000eb880000,0x00000000eb880000,0x00000000ec700000)
 ParOldGen       total 78848K, used 26183K [0x0000000084c00000, 0x0000000089900000, 0x00000000d6f00000)
  object space 78848K, 33% used [0x0000000084c00000,0x0000000086591d50,0x0000000089900000)
 Metaspace       used 33998K, capacity 35450K, committed 35496K, reserved 1079296K
  class space    used 4541K, capacity 4821K, committed 4864K, reserved 1048576K
}
Event: 47,206 GC heap before
{Heap before GC invocations=12 (full 2):
 PSYoungGen      total 240128K, used 229376K [0x00000000d6f00000, 0x00000000ec700000, 0x0000000100000000)
  eden space 229376K, 100% used [0x00000000d6f00000,0x00000000e4f00000,0x00000000e4f00000)
  from space 10752K, 0% used [0x00000000e4f00000,0x00000000e4f00000,0x00000000e5980000)
  to   space 14848K, 0% used [0x00000000eb880000,0x00000000eb880000,0x00000000ec700000)
 ParOldGen       total 78848K, used 26183K [0x0000000084c00000, 0x0000000089900000, 0x00000000d6f00000)
  object space 78848K, 33% used [0x0000000084c00000,0x0000000086591d50,0x0000000089900000)
 Metaspace       used 36465K, capacity 38234K, committed 38400K, reserved 1083392K
  class space    used 4968K, capacity 5308K, committed 5376K, reserved 1048576K
Event: 47,286 GC heap after
Heap after GC invocations=12 (full 2):
 PSYoungGen      total 337920K, used 6933K [0x00000000d6f00000, 0x00000000ece00000, 0x0000000100000000)
  eden space 323072K, 0% used [0x00000000d6f00000,0x00000000d6f00000,0x00000000eaa80000)
  from space 14848K, 46% used [0x00000000eb880000,0x00000000ebf45420,0x00000000ec700000)
  to   space 14336K, 0% used [0x00000000eaa80000,0x00000000eaa80000,0x00000000eb880000)
 ParOldGen       total 78848K, used 26191K [0x0000000084c00000, 0x0000000089900000, 0x00000000d6f00000)
  object space 78848K, 33% used [0x0000000084c00000,0x0000000086593d50,0x0000000089900000)
 Metaspace       used 36465K, capacity 38234K, committed 38400K, reserved 1083392K
  class space    used 4968K, capacity 5308K, committed 5376K, reserved 1048576K
}
Event: 75,888 GC heap before
{Heap before GC invocations=13 (full 2):
 PSYoungGen      total 337920K, used 330005K [0x00000000d6f00000, 0x00000000ece00000, 0x0000000100000000)
  eden space 323072K, 100% used [0x00000000d6f00000,0x00000000eaa80000,0x00000000eaa80000)
  from space 14848K, 46% used [0x00000000eb880000,0x00000000ebf45420,0x00000000ec700000)
  to   space 14336K, 0% used [0x00000000eaa80000,0x00000000eaa80000,0x00000000eb880000)
 ParOldGen       total 78848K, used 26191K [0x0000000084c00000, 0x0000000089900000, 0x00000000d6f00000)
  object space 78848K, 33% used [0x0000000084c00000,0x0000000086593d50,0x0000000089900000)
 Metaspace       used 40212K, capacity 42416K, committed 42624K, reserved 1085440K
  class space    used 5515K, capacity 5929K, committed 6016K, reserved 1048576K

